<?xml version="1.0" encoding="UTF-8"?>
<!-- Generated by org.testng.reporters.JUnitReportReporter -->
<testsuite skipped="0" hostname="BSFD-B3WM8C3" name="CucumberRunnerTest" tests="2" failures="0" timestamp="13 lis 2021 22:43:57 GMT" time="19.775" errors="0">
  <testcase name="runScenario" time="18.006" classname="CucumberRunnerTest"/>
  <testcase name="runScenario" time="1.769" classname="CucumberRunnerTest"/>
</testsuite> <!-- CucumberRunnerTest -->
